29269 execve("./server", ["./server"], [/* 49 vars */]) = 0
29269 brk(0)                            = 0x9e1f000
29269 mmap2(NULL, 4096, PROT_READ|PROT_WRITE, MAP_PRIVATE|MAP_ANONYMOUS, -1, 0) = 0xb7815000
29269 access("/etc/ld.so.preload", R_OK) = -1 ENOENT (No such file or directory)
29269 open("/etc/ld.so.cache", O_RDONLY) = 3
29269 fstat64(3, {st_mode=S_IFREG|0644, st_size=141195, ...}) = 0
29269 mmap2(NULL, 141195, PROT_READ, MAP_PRIVATE, 3, 0) = 0xb77f2000
29269 close(3)                          = 0
29269 open("/lib/libc.so.6", O_RDONLY)  = 3
29269 read(3, "\177ELF\1\1\1\3\0\0\0\0\0\0\0\0\3\0\3\0\1\0\0\0p\17\205\0004\0\0\0"..., 512) = 512
29269 fstat64(3, {st_mode=S_IFREG|0755, st_size=1889628, ...}) = 0
29269 mmap2(0x83a000, 1649160, PROT_READ|PROT_EXEC, MAP_PRIVATE|MAP_DENYWRITE, 3, 0) = 0x110000
29269 mmap2(0x29d000, 12288, PROT_READ|PROT_WRITE, MAP_PRIVATE|MAP_FIXED|MAP_DENYWRITE, 3, 0x18c) = 0x29d000
29269 mmap2(0x2a0000, 10760, PROT_READ|PROT_WRITE, MAP_PRIVATE|MAP_FIXED|MAP_ANONYMOUS, -1, 0) = 0x2a0000
29269 close(3)                          = 0
29269 mmap2(NULL, 4096, PROT_READ|PROT_WRITE, MAP_PRIVATE|MAP_ANONYMOUS, -1, 0) = 0xb77f1000
29269 set_thread_area({entry_number:-1 -> 6, base_addr:0xb77f16c0, limit:1048575, seg_32bit:1, contents:0, read_exec_only:0, limit_in_pages:1, seg_not_present:0, useable:1}) = 0
29269 mprotect(0x29d000, 8192, PROT_READ) = 0
29269 mprotect(0x836000, 4096, PROT_READ) = 0
29269 munmap(0xb77f2000, 141195)        = 0
29269 socket(PF_INET, SOCK_STREAM, IPPROTO_IP) = 3
29269 fstat64(1, {st_mode=S_IFCHR|0620, st_rdev=makedev(136, 5), ...}) = 0
29269 mmap2(NULL, 4096, PROT_READ|PROT_WRITE, MAP_PRIVATE|MAP_ANONYMOUS, -1, 0) = 0xb7814000
29269 write(1, "create socket ok!\n", 18) = 18
29269 bind(3, {sa_family=AF_INET, sin_port=htons(20001), sin_addr=inet_addr("0.0.0.0")}, 16) = 0
29269 write(1, "bind addr ok!\n", 14)   = 14
29269 listen(3, 5)                      = 0
29269 write(1, "listen ok!\n", 11)      = 11
29269 accept(3, {sa_family=AF_INET, sin_port=htons(46437), sin_addr=inet_addr("192.168.160.89")}, [16]) = 4
29269 write(1, "accept client ok!\n", 18) = 18
29269 write(1, "client ip  : 192.168.160.89\n", 28) = 28
29269 write(1, "client port: 46437\n", 19) = 19
29269 recv(4, "nihao\n", 256, 0)        = 6
29269 send(4, "NIHAO\n", 6, 0)          = 6
29269 recv(4, "", 256, 0)               = 0
29269 close(4)                          = 0
29269 write(1, "Client close the connect, wait f"..., 47) = 47
29269 write(1, "\n", 1)                 = 1
29269 accept(3, {sa_family=AF_INET, sin_port=htons(46438), sin_addr=inet_addr("192.168.160.89")}, [16]) = 4
29269 write(1, "accept client ok!\n", 18) = 18
29269 write(1, "client ip  : 192.168.160.89\n", 28) = 28
29269 write(1, "client port: 46438\n", 19) = 19
29269 recv(4, "ss\n", 256, 0)           = 3
29269 send(4, "SS\n", 3, 0)             = 3
29269 recv(4, "", 256, 0)               = 0
29269 close(4)                          = 0
29269 write(1, "Client close the connect, wait f"..., 47) = 47
29269 write(1, "\n", 1)                 = 1
29269 accept(3, {sa_family=AF_INET, sin_port=htons(46439), sin_addr=inet_addr("192.168.160.89")}, [16]) = 4
29269 write(1, "accept client ok!\n", 18) = 18
29269 write(1, "client ip  : 192.168.160.89\n", 28) = 28
29269 write(1, "client port: 46439\n", 19) = 19
29269 recv(4, "ss\n", 256, 0)           = 3
29269 send(4, "SS\n", 3, 0)             = 3
29269 recv(4, "\n", 256, 0)             = 1
29269 send(4, "\n", 1, 0)               = 1
29269 recv(4, "dd\n", 256, 0)           = 3
29269 send(4, "DD\n", 3, 0)             = 3
29269 recv(4, "", 256, 0)               = 0
29269 close(4)                          = 0
29269 write(1, "Client close the connect, wait f"..., 47) = 47
29269 write(1, "\n", 1)                 = 1
29269 accept(3, 0xbfa7c414, [16])       = ? ERESTARTSYS (To be restarted)
29269 --- SIGINT (Interrupt) @ 0 (0) ---
29269 +++ killed by SIGINT +++
